<?xml version="1.0" encoding="UTF-8"?>
<!-- Generated by org.testng.reporters.JUnitReportReporter -->
<testsuite hostname="Lenova-AYB" failures="0" tests="1" name="testClasses.VerifyUserCanLogin" time="2.850" errors="0" timestamp="2022-10-20T20:04:54 IST" skipped="0">
  <testcase classname="testClasses.VerifyUserCanLogin" name="VerifyUserLogin" time="2.850"/>
  <system-out/>
</testsuite> <!-- testClasses.VerifyUserCanLogin -->
