<?xml version="1.0" encoding="UTF-8"?>
<!-- Generated by org.testng.reporters.JUnitReportReporter -->
<testsuite hostname="Lenova-AYB" failures="0" tests="1" name="testClasses.VerifyUserCanGetLowestPriceProduct" time="4.537" errors="0" timestamp="2022-10-20T20:04:54 IST" skipped="0">
  <testcase classname="testClasses.VerifyUserCanGetLowestPriceProduct" name="VerifyUserGetLowestPriceProduct" time="4.537"/>
  <system-out/>
</testsuite> <!-- testClasses.VerifyUserCanGetLowestPriceProduct -->
